<?xml version="1.0" encoding="UTF-8"?>
<robot generator="Robot 5.0.1 (Python 3.10.5 on win32)" generated="20220914 17:14:13.159" rpa="false" schemaversion="3">
<suite id="s1" name="Test2" source="C:\Users\user\Desktop\Robot Framework\F.kart zoomba\Test\test2.robot">
<test id="s1-t1" name="@task1" line="9">
<kw name="Set Selenium Speed" library="Zoomba.GUILibrary">
<arg>2seconds</arg>
<doc>Sets the delay that is waited after each Selenium command.</doc>
<status status="PASS" starttime="20220914 17:14:13.476" endtime="20220914 17:14:13.476"/>
</kw>
<kw name="Open Flipkart" library="Keyword">
<kw name="Open Browser" library="Zoomba.GUILibrary">
<arg>${url}</arg>
<arg>${browser}</arg>
<doc>Opens a new browser instance to the optional ``url``.</doc>
<msg timestamp="20220914 17:14:13.478" level="INFO">Opening browser 'chrome' to base url 'https://www.flipkart.com'.</msg>
<status status="PASS" starttime="20220914 17:14:13.477" endtime="20220914 17:14:19.268"/>
</kw>
<kw name="Maximize Browser Window" library="Zoomba.GUILibrary">
<doc>Maximizes current browser window.</doc>
<status status="PASS" starttime="20220914 17:14:19.268" endtime="20220914 17:14:21.418"/>
</kw>
<kw name="Sleep" library="BuiltIn">
<arg>3s</arg>
<doc>Pauses the test executed for the given time.</doc>
<msg timestamp="20220914 17:14:24.423" level="INFO">Slept 3 seconds</msg>
<status status="PASS" starttime="20220914 17:14:21.418" endtime="20220914 17:14:24.423"/>
</kw>
<kw name="Click Element" library="Zoomba.GUILibrary">
<arg>xpath://button[@class='_2KpZ6l _2doB4z']</arg>
<doc>Click the element identified by ``locator``.</doc>
<msg timestamp="20220914 17:14:24.423" level="INFO">Clicking element 'xpath://button[@class='_2KpZ6l _2doB4z']'.</msg>
<status status="PASS" starttime="20220914 17:14:24.423" endtime="20220914 17:14:28.561"/>
</kw>
<status status="PASS" starttime="20220914 17:14:13.477" endtime="20220914 17:14:28.562"/>
</kw>
<kw name="Search for any of your desired Mobile from ‘Mobiles’ section" library="Keyword">
<kw name="Click Element" library="Zoomba.GUILibrary">
<arg>${Mobiles}</arg>
<doc>Click the element identified by ``locator``.</doc>
<msg timestamp="20220914 17:14:28.566" level="INFO">Clicking element 'xpath://div[@class="_37M3Pb"]/div[3]'.</msg>
<kw name="Save Selenium Screenshot" library="Zoomba.GUILibrary">
<doc>Takes a screenshot with a unique filename to be stored in Robot Framework compiled reports.</doc>
<msg timestamp="20220914 17:14:51.446" level="FAIL">WebDriverException: Message: chrome not reachable
  (Session info: chrome=105.0.5195.102)
Stacktrace:
Backtrace:
	Ordinal0 [0x007DDF13+2219795]
	Ordinal0 [0x00772841+1779777]
	Ordinal0 [0x00684100+803072]
	Ordinal0 [0x00679BF2+760818]
	Ordinal0 [0x0066CD35+707893]
	Ordinal0 [0x00671122+725282]
	Ordinal0 [0x00675699+743065]
	Ordinal0 [0x00685610+808464]
	Ordinal0 [0x006DE93A+1173818]
	Ordinal0 [0x006CE616+1107478]
	Ordinal0 [0x006A7F89+950153]
	Ordinal0 [0x006A8F56+954198]
	GetHandleVerifier [0x00AD2CB2+3040210]
	GetHandleVerifier [0x00AC2BB4+2974420]
	GetHandleVerifier [0x00876A0A+565546]
	GetHandleVerifier [0x00875680+560544]
	Ordinal0 [0x00779A5C+1808988]
	Ordinal0 [0x0077E3A8+1827752]
	Ordinal0 [0x0077E495+1827989]
	Ordinal0 [0x007880A4+1867940]
	BaseThreadInitThunk [0x7690FA29+25]
	RtlGetAppContainerNamedObjectPath [0x77907A9E+286]
	RtlGetAppContainerNamedObjectPath [0x77907A6E+238]
</msg>
<status status="FAIL" starttime="20220914 17:14:41.018" endtime="20220914 17:14:51.481"/>
</kw>
<msg timestamp="20220914 17:14:51.481" level="WARN">Keyword 'Save Selenium Screenshot' could not be run on failure: WebDriverException: Message: chrome not reachable
  (Session info: chrome=105.0.5195.102)
Stacktrace:
Backtrace:
	Ordinal0 [0x007DDF13+2219795]
	Ordinal0 [0x00772841+1779777]
	Ordinal0 [0x00684100+803072]
	Ordinal0 [0x00679BF2+760818]
	Ordinal0 [0x0066CD35+707893]
	Ordinal0 [0x00671122+725282]
	Ordinal0 [0x00675699+743065]
	Ordinal0 [0x00685610+808464]
	Ordinal0 [0x006DE93A+1173818]
	Ordinal0 [0x006CE616+1107478]
	Ordinal0 [0x006A7F89+950153]
	Ordinal0 [0x006A8F56+954198]
	GetHandleVerifier [0x00AD2CB2+3040210]
	GetHandleVerifier [0x00AC2BB4+2974420]
	GetHandleVerifier [0x00876A0A+565546]
	GetHandleVerifier [0x00875680+560544]
	Ordinal0 [0x00779A5C+1808988]
	Ordinal0 [0x0077E3A8+1827752]
	Ordinal0 [0x0077E495+1827989]
	Ordinal0 [0x007880A4+1867940]
	BaseThreadInitThunk [0x7690FA29+25]
	RtlGetAppContainerNamedObjectPath [0x77907A9E+286]
	RtlGetAppContainerNamedObjectPath [0x77907A6E+238]
</msg>
<msg timestamp="20220914 17:14:51.489" level="FAIL">WebDriverException: Message: chrome not reachable
  (Session info: chrome=105.0.5195.102)
Stacktrace:
Backtrace:
	Ordinal0 [0x007DDF13+2219795]
	Ordinal0 [0x00772841+1779777]
	Ordinal0 [0x00684100+803072]
	Ordinal0 [0x00679BF2+760818]
	Ordinal0 [0x0066CD35+707893]
	Ordinal0 [0x00671122+725282]
	Ordinal0 [0x00675699+743065]
	Ordinal0 [0x00685610+808464]
	Ordinal0 [0x006DE93A+1173818]
	Ordinal0 [0x006CE616+1107478]
	Ordinal0 [0x006A7F89+950153]
	Ordinal0 [0x006A8F56+954198]
	GetHandleVerifier [0x00AD2CB2+3040210]
	GetHandleVerifier [0x00AC2BB4+2974420]
	GetHandleVerifier [0x00876A0A+565546]
	GetHandleVerifier [0x00875680+560544]
	Ordinal0 [0x00779A5C+1808988]
	Ordinal0 [0x0077E3A8+1827752]
	Ordinal0 [0x0077E495+1827989]
	Ordinal0 [0x007880A4+1867940]
	BaseThreadInitThunk [0x7690FA29+25]
	RtlGetAppContainerNamedObjectPath [0x77907A9E+286]
	RtlGetAppContainerNamedObjectPath [0x77907A6E+238]
</msg>
<status status="FAIL" starttime="20220914 17:14:28.565" endtime="20220914 17:14:51.490"/>
</kw>
<kw name="Click Element" library="Zoomba.GUILibrary">
<arg>${Realme}</arg>
<doc>Click the element identified by ``locator``.</doc>
<status status="NOT RUN" starttime="20220914 17:14:51.491" endtime="20220914 17:14:51.491"/>
</kw>
<kw name="Sleep" library="BuiltIn">
<arg>3s</arg>
<doc>Pauses the test executed for the given time.</doc>
<status status="NOT RUN" starttime="20220914 17:14:51.491" endtime="20220914 17:14:51.491"/>
</kw>
<kw name="Scroll Element Into View" library="Zoomba.GUILibrary">
<arg>${Mobile}</arg>
<doc>Scrolls the element identified by ``locator`` into view.</doc>
<status status="NOT RUN" starttime="20220914 17:14:51.491" endtime="20220914 17:14:51.491"/>
</kw>
<kw name="Get Text" library="Zoomba.GUILibrary">
<var>${name}</var>
<arg>xpath=(//div[@class="_4rR01T"])[6]</arg>
<doc>Returns the text value of the element identified by ``locator``.</doc>
<status status="NOT RUN" starttime="20220914 17:14:51.491" endtime="20220914 17:14:51.492"/>
</kw>
<kw name="Log To Console" library="BuiltIn">
<arg>${name}</arg>
<doc>Logs the given message to the console.</doc>
<status status="NOT RUN" starttime="20220914 17:14:51.492" endtime="20220914 17:14:51.492"/>
</kw>
<kw name="Click Element" library="Zoomba.GUILibrary">
<arg>${Mobile}</arg>
<doc>Click the element identified by ``locator``.</doc>
<status status="NOT RUN" starttime="20220914 17:14:51.492" endtime="20220914 17:14:51.492"/>
</kw>
<kw name="Sleep" library="BuiltIn">
<arg>3s</arg>
<doc>Pauses the test executed for the given time.</doc>
<status status="NOT RUN" starttime="20220914 17:14:51.492" endtime="20220914 17:14:51.492"/>
</kw>
<kw name="Switch Window" library="Zoomba.GUILibrary">
<arg>locator=NEW</arg>
<doc>Switches to browser window matching ``locator``.</doc>
<status status="NOT RUN" starttime="20220914 17:14:51.492" endtime="20220914 17:14:51.492"/>
</kw>
<status status="FAIL" starttime="20220914 17:14:28.563" endtime="20220914 17:14:51.493"/>
</kw>
<kw name="Click on ADD TO CART button" library="Keyword">
<status status="NOT RUN" starttime="20220914 17:14:51.494" endtime="20220914 17:14:51.494"/>
</kw>
<status status="FAIL" starttime="20220914 17:14:13.475" endtime="20220914 17:14:51.495">WebDriverException: Message: chrome not reachable
  (Session info: chrome=105.0.5195.102)
Stacktrace:
Backtrace:
	Ordinal0 [0x007DDF13+2219795]
	Ordinal0 [0x00772841+1779777]
	Ordinal0 [0x00684100+803072]
	Ordinal0 [0x00679BF2+760818]
	Ordinal0 [0x0066CD35+707893]
	Ordinal0 [0x00671122+725282]
	Ordinal0 [0x00675699+743065]
	Ordinal0 [0x00685610+808464]
	Ordinal0 [0x006DE93A+1173818]
	Ordinal0 [0x006CE616+1107478]
	Ordinal0 [0x006A7F89+950153]
	Ordinal0 [0x006A8F56+954198]
	GetHandleVerifier [0x00AD2CB2+3040210]
	GetHandleVerifier [0x00AC2BB4+2974420]
	GetHandleVerifier [0x00876A0A+565546]
	GetHandleVerifier [0x00875680+560544]
	Ordinal0 [0x00779A5C+1808988]
	Ordinal0 [0x0077E3A8+1827752]
	Ordinal0 [0x0077E495+1827989]
	Ordinal0 [0x007880A4+1867940]
	BaseThreadInitThunk [0x7690FA29+25]
	RtlGetAppContainerNamedObjectPath [0x77907A9E+286]
	RtlGetAppContainerNamedObjectPath [0x77907A6E+238]
</status>
</test>
<test id="s1-t2" name="@task2" line="15">
<kw name="Switch Window" library="Zoomba.GUILibrary">
<doc>Switches to browser window matching ``locator``.</doc>
<kw name="Save Selenium Screenshot" library="Zoomba.GUILibrary">
<doc>Takes a screenshot with a unique filename to be stored in Robot Framework compiled reports.</doc>
<msg timestamp="20220914 17:15:12.628" level="FAIL">WebDriverException: Message: chrome not reachable
  (Session info: chrome=105.0.5195.102)
Stacktrace:
Backtrace:
	Ordinal0 [0x007DDF13+2219795]
	Ordinal0 [0x00772841+1779777]
	Ordinal0 [0x00684100+803072]
	Ordinal0 [0x00679BF2+760818]
	Ordinal0 [0x0066CD35+707893]
	Ordinal0 [0x00671122+725282]
	Ordinal0 [0x00675699+743065]
	Ordinal0 [0x00685610+808464]
	Ordinal0 [0x006DE93A+1173818]
	Ordinal0 [0x006CE616+1107478]
	Ordinal0 [0x006A7F89+950153]
	Ordinal0 [0x006A8F56+954198]
	GetHandleVerifier [0x00AD2CB2+3040210]
	GetHandleVerifier [0x00AC2BB4+2974420]
	GetHandleVerifier [0x00876A0A+565546]
	GetHandleVerifier [0x00875680+560544]
	Ordinal0 [0x00779A5C+1808988]
	Ordinal0 [0x0077E3A8+1827752]
	Ordinal0 [0x0077E495+1827989]
	Ordinal0 [0x007880A4+1867940]
	BaseThreadInitThunk [0x7690FA29+25]
	RtlGetAppContainerNamedObjectPath [0x77907A9E+286]
	RtlGetAppContainerNamedObjectPath [0x77907A6E+238]
</msg>
<status status="FAIL" starttime="20220914 17:15:02.204" endtime="20220914 17:15:12.628"/>
</kw>
<msg timestamp="20220914 17:15:12.628" level="WARN">Keyword 'Save Selenium Screenshot' could not be run on failure: WebDriverException: Message: chrome not reachable
  (Session info: chrome=105.0.5195.102)
Stacktrace:
Backtrace:
	Ordinal0 [0x007DDF13+2219795]
	Ordinal0 [0x00772841+1779777]
	Ordinal0 [0x00684100+803072]
	Ordinal0 [0x00679BF2+760818]
	Ordinal0 [0x0066CD35+707893]
	Ordinal0 [0x00671122+725282]
	Ordinal0 [0x00675699+743065]
	Ordinal0 [0x00685610+808464]
	Ordinal0 [0x006DE93A+1173818]
	Ordinal0 [0x006CE616+1107478]
	Ordinal0 [0x006A7F89+950153]
	Ordinal0 [0x006A8F56+954198]
	GetHandleVerifier [0x00AD2CB2+3040210]
	GetHandleVerifier [0x00AC2BB4+2974420]
	GetHandleVerifier [0x00876A0A+565546]
	GetHandleVerifier [0x00875680+560544]
	Ordinal0 [0x00779A5C+1808988]
	Ordinal0 [0x0077E3A8+1827752]
	Ordinal0 [0x0077E495+1827989]
	Ordinal0 [0x007880A4+1867940]
	BaseThreadInitThunk [0x7690FA29+25]
	RtlGetAppContainerNamedObjectPath [0x77907A9E+286]
	RtlGetAppContainerNamedObjectPath [0x77907A6E+238]
</msg>
<msg timestamp="20220914 17:15:12.635" level="FAIL">WebDriverException: Message: chrome not reachable
  (Session info: chrome=105.0.5195.102)
Stacktrace:
Backtrace:
	Ordinal0 [0x007DDF13+2219795]
	Ordinal0 [0x00772841+1779777]
	Ordinal0 [0x00684100+803072]
	Ordinal0 [0x00679BF2+760818]
	Ordinal0 [0x0066C220+705056]
	Ordinal0 [0x006D5B6E+1137518]
	Ordinal0 [0x006CE7C3+1107907]
	Ordinal0 [0x006A7F89+950153]
	Ordinal0 [0x006A8F56+954198]
	GetHandleVerifier [0x00AD2CB2+3040210]
	GetHandleVerifier [0x00AC2BB4+2974420]
	GetHandleVerifier [0x00876A0A+565546]
	GetHandleVerifier [0x00875680+560544]
	Ordinal0 [0x00779A5C+1808988]
	Ordinal0 [0x0077E3A8+1827752]
	Ordinal0 [0x0077E495+1827989]
	Ordinal0 [0x007880A4+1867940]
	BaseThreadInitThunk [0x7690FA29+25]
	RtlGetAppContainerNamedObjectPath [0x77907A9E+286]
	RtlGetAppContainerNamedObjectPath [0x77907A6E+238]
</msg>
<status status="FAIL" starttime="20220914 17:14:51.501" endtime="20220914 17:15:12.636"/>
</kw>
<kw name="Go to Cart" library="Keyword">
<status status="NOT RUN" starttime="20220914 17:15:12.637" endtime="20220914 17:15:12.637"/>
</kw>
<status status="FAIL" starttime="20220914 17:14:51.500" endtime="20220914 17:15:12.638">WebDriverException: Message: chrome not reachable
  (Session info: chrome=105.0.5195.102)
Stacktrace:
Backtrace:
	Ordinal0 [0x007DDF13+2219795]
	Ordinal0 [0x00772841+1779777]
	Ordinal0 [0x00684100+803072]
	Ordinal0 [0x00679BF2+760818]
	Ordinal0 [0x0066C220+705056]
	Ordinal0 [0x006D5B6E+1137518]
	Ordinal0 [0x006CE7C3+1107907]
	Ordinal0 [0x006A7F89+950153]
	Ordinal0 [0x006A8F56+954198]
	GetHandleVerifier [0x00AD2CB2+3040210]
	GetHandleVerifier [0x00AC2BB4+2974420]
	GetHandleVerifier [0x00876A0A+565546]
	GetHandleVerifier [0x00875680+560544]
	Ordinal0 [0x00779A5C+1808988]
	Ordinal0 [0x0077E3A8+1827752]
	Ordinal0 [0x0077E495+1827989]
	Ordinal0 [0x007880A4+1867940]
	BaseThreadInitThunk [0x7690FA29+25]
	RtlGetAppContainerNamedObjectPath [0x77907A9E+286]
	RtlGetAppContainerNamedObjectPath [0x77907A6E+238]
</status>
</test>
<status status="FAIL" starttime="20220914 17:14:13.164" endtime="20220914 17:15:12.643"/>
</suite>
<statistics>
<total>
<stat pass="0" fail="2" skip="0">All Tests</stat>
</total>
<tag>
</tag>
<suite>
<stat pass="0" fail="2" skip="0" id="s1" name="Test2">Test2</stat>
</suite>
</statistics>
<errors>
<msg timestamp="20220914 17:14:51.481" level="WARN">Keyword 'Save Selenium Screenshot' could not be run on failure: WebDriverException: Message: chrome not reachable
  (Session info: chrome=105.0.5195.102)
Stacktrace:
Backtrace:
	Ordinal0 [0x007DDF13+2219795]
	Ordinal0 [0x00772841+1779777]
	Ordinal0 [0x00684100+803072]
	Ordinal0 [0x00679BF2+760818]
	Ordinal0 [0x0066CD35+707893]
	Ordinal0 [0x00671122+725282]
	Ordinal0 [0x00675699+743065]
	Ordinal0 [0x00685610+808464]
	Ordinal0 [0x006DE93A+1173818]
	Ordinal0 [0x006CE616+1107478]
	Ordinal0 [0x006A7F89+950153]
	Ordinal0 [0x006A8F56+954198]
	GetHandleVerifier [0x00AD2CB2+3040210]
	GetHandleVerifier [0x00AC2BB4+2974420]
	GetHandleVerifier [0x00876A0A+565546]
	GetHandleVerifier [0x00875680+560544]
	Ordinal0 [0x00779A5C+1808988]
	Ordinal0 [0x0077E3A8+1827752]
	Ordinal0 [0x0077E495+1827989]
	Ordinal0 [0x007880A4+1867940]
	BaseThreadInitThunk [0x7690FA29+25]
	RtlGetAppContainerNamedObjectPath [0x77907A9E+286]
	RtlGetAppContainerNamedObjectPath [0x77907A6E+238]
</msg>
<msg timestamp="20220914 17:15:12.628" level="WARN">Keyword 'Save Selenium Screenshot' could not be run on failure: WebDriverException: Message: chrome not reachable
  (Session info: chrome=105.0.5195.102)
Stacktrace:
Backtrace:
	Ordinal0 [0x007DDF13+2219795]
	Ordinal0 [0x00772841+1779777]
	Ordinal0 [0x00684100+803072]
	Ordinal0 [0x00679BF2+760818]
	Ordinal0 [0x0066CD35+707893]
	Ordinal0 [0x00671122+725282]
	Ordinal0 [0x00675699+743065]
	Ordinal0 [0x00685610+808464]
	Ordinal0 [0x006DE93A+1173818]
	Ordinal0 [0x006CE616+1107478]
	Ordinal0 [0x006A7F89+950153]
	Ordinal0 [0x006A8F56+954198]
	GetHandleVerifier [0x00AD2CB2+3040210]
	GetHandleVerifier [0x00AC2BB4+2974420]
	GetHandleVerifier [0x00876A0A+565546]
	GetHandleVerifier [0x00875680+560544]
	Ordinal0 [0x00779A5C+1808988]
	Ordinal0 [0x0077E3A8+1827752]
	Ordinal0 [0x0077E495+1827989]
	Ordinal0 [0x007880A4+1867940]
	BaseThreadInitThunk [0x7690FA29+25]
	RtlGetAppContainerNamedObjectPath [0x77907A9E+286]
	RtlGetAppContainerNamedObjectPath [0x77907A6E+238]
</msg>
</errors>
</robot>
